WCCILevent   (0), 2017.11.02 00:46:55.622, SYS,  INFO,        1, Manager Start, PROJ, sss, V 3.11 - 3.11    linked at Jul 11 2012 23:21:55
WCCILevent   (0), 2017.11.02 00:46:55.670, SYS,  INFO,      108, License information, Host information
Hostname:   Igor-PC
HW-code:    41810088914
HW-version: 31100002

WCCILevent   (0), 2017.11.02 00:46:55.673, SYS,  SEVERE,    105, Invalid license, Igor-PC: No license found
WCCILevent   (0), 2017.11.02 00:46:55.685, SYS,  INFO,      108, License information, Using license file C:\Siemens\Automation\WinCC_OA\3.11\shield

WCCILevent   (0), 2017.11.02 00:46:55.700, SYS,  INFO,        3, Trying to connect to, (SYS: 0 Data -num 0 CONN: 1) @ localhost:4897
WCCILevent   (0), 2017.11.02 00:46:55.715, SYS,  INFO,        4, Connected to, (SYS: 0 Data -num 0 CONN: 1) @ Igor-PC (127.0.0.1)
WCCILevent   (0), 2017.11.02 00:46:55.718, PARAM,SEVERE,     71, DP does not exist, _Connections.Event.ManNums:_original.._value
WCCILevent   (0), 2017.11.02 00:46:55.719, PARAM,SEVERE,     71, DP does not exist, _Connections.Event.StartTimes:_original.._value
WCCILevent   (0), 2017.11.02 00:46:55.719, PARAM,SEVERE,     71, DP does not exist, _Connections.Event.HostNames:_original.._value
WCCILevent   (0), 2017.11.02 00:46:55.719, PARAM,SEVERE,     71, DP does not exist, _Connections.Driver.ManNums:_original.._value
WCCILevent   (0), 2017.11.02 00:46:55.719, PARAM,SEVERE,     71, DP does not exist, _Connections.Driver.StartTimes:_original.._value
WCCILevent   (0), 2017.11.02 00:46:55.719, PARAM,SEVERE,     71, DP does not exist, _Connections.Driver.HostNames:_original.._value
WCCILevent   (0), 2017.11.02 00:46:55.719, PARAM,SEVERE,     71, DP does not exist, _Connections.Data.ManNums:_original.._value
WCCILevent   (0), 2017.11.02 00:46:55.719, PARAM,SEVERE,     71, DP does not exist, _Connections.Data.StartTimes:_original.._value
WCCILevent   (0), 2017.11.02 00:46:55.719, PARAM,SEVERE,     71, DP does not exist, _Connections.Data.HostNames:_original.._value
WCCILevent   (0), 2017.11.02 00:46:55.719, PARAM,SEVERE,     71, DP does not exist, _Connections.Ui.ManNums:_original.._value
WCCILevent   (0), 2017.11.02 00:46:55.719, PARAM,SEVERE,     71, DP does not exist, _Connections.Ui.StartTimes:_original.._value
WCCILevent   (0), 2017.11.02 00:46:55.719, PARAM,SEVERE,     71, DP does not exist, _Connections.Ui.HostNames:_original.._value
WCCILevent   (0), 2017.11.02 00:46:55.719, PARAM,SEVERE,     71, DP does not exist, _Connections.Ctrl.ManNums:_original.._value
WCCILevent   (0), 2017.11.02 00:46:55.719, PARAM,SEVERE,     71, DP does not exist, _Connections.Ctrl.StartTimes:_original.._value
WCCILevent   (0), 2017.11.02 00:46:55.719, PARAM,SEVERE,     71, DP does not exist, _Connections.Ctrl.HostNames:_original.._value
WCCILevent   (0), 2017.11.02 00:46:55.719, PARAM,SEVERE,     71, DP does not exist, _Connections.Ascii.ManNums:_original.._value
WCCILevent   (0), 2017.11.02 00:46:55.719, PARAM,SEVERE,     71, DP does not exist, _Connections.Ascii.StartTimes:_original.._value
WCCILevent   (0), 2017.11.02 00:46:55.719, PARAM,SEVERE,     71, DP does not exist, _Connections.Ascii.HostNames:_original.._value
WCCILevent   (0), 2017.11.02 00:46:55.719, PARAM,SEVERE,     71, DP does not exist, _Connections.Api.ManNums:_original.._value
WCCILevent   (0), 2017.11.02 00:46:55.719, PARAM,SEVERE,     71, DP does not exist, _Connections.Api.StartTimes:_original.._value
WCCILevent   (0), 2017.11.02 00:46:55.719, PARAM,SEVERE,     71, DP does not exist, _Connections.Api.HostNames:_original.._value
WCCILevent   (0), 2017.11.02 00:46:55.719, PARAM,SEVERE,     71, DP does not exist, _Connections.Device.ManNums:_original.._value
WCCILevent   (0), 2017.11.02 00:46:55.719, PARAM,SEVERE,     71, DP does not exist, _Connections.Device.StartTimes:_original.._value
WCCILevent   (0), 2017.11.02 00:46:55.719, PARAM,SEVERE,     71, DP does not exist, _Connections.Device.HostNames:_original.._value
WCCILevent   (0), 2017.11.02 00:46:55.719, PARAM,SEVERE,     71, DP does not exist, _Connections.Redu.ManNums:_original.._value
WCCILevent   (0), 2017.11.02 00:46:55.720, PARAM,SEVERE,     71, DP does not exist, _Connections.Redu.StartTimes:_original.._value
WCCILevent   (0), 2017.11.02 00:46:55.720, PARAM,SEVERE,     71, DP does not exist, _Connections.Redu.HostNames:_original.._value
WCCILevent   (0), 2017.11.02 00:46:55.720, PARAM,SEVERE,     71, DP does not exist, _Connections.Report.ManNums:_original.._value
WCCILevent   (0), 2017.11.02 00:46:55.720, PARAM,SEVERE,     71, DP does not exist, _Connections.Report.StartTimes:_original.._value
WCCILevent   (0), 2017.11.02 00:46:55.720, PARAM,SEVERE,     71, DP does not exist, _Connections.Report.HostNames:_original.._value
WCCILevent   (0), 2017.11.02 00:46:55.720, PARAM,SEVERE,     71, DP does not exist, _Connections.Dde.ManNums:_original.._value
WCCILevent   (0), 2017.11.02 00:46:55.720, PARAM,SEVERE,     71, DP does not exist, _Connections.Dde.StartTimes:_original.._value
WCCILevent   (0), 2017.11.02 00:46:55.720, PARAM,SEVERE,     71, DP does not exist, _Connections.Dde.HostNames:_original.._value
WCCILevent   (0), 2017.11.02 00:46:55.720, PARAM,SEVERE,     71, DP does not exist, _Connections.Dist.ManNums:_original.._value
WCCILevent   (0), 2017.11.02 00:46:55.720, PARAM,SEVERE,     71, DP does not exist, _Connections.Dist.StartTimes:_original.._value
WCCILevent   (0), 2017.11.02 00:46:55.720, PARAM,SEVERE,     71, DP does not exist, _Connections.Dist.HostNames:_original.._value
WCCILevent   (0), 2017.11.02 00:46:55.721, SYS,  SEVERE,    105, Invalid license, Igor-PC: No license found
WCCILevent   (0), 2017.11.02 00:46:55.721, SYS,  INFO,        6, Initialization by Data Manager finished
WCCILevent   (0), 2017.11.02 00:46:55.721, SYS,  INFO,      169, Initialize 0 dp-functions
WCCILevent   (0), 2017.11.02 00:46:55.721, SYS,  INFO,      168, Initialize 0 alerts
WCCILevent   (0), 2017.11.02 00:46:55.721, PARAM,WARNING,     7, Datapoint does not exist, EvFixedLicenses, EvFixedLicenses, _Event.License.FixedShield
WCCILevent   (0), 2017.11.02 00:46:55.722, PARAM,WARNING,     7, Datapoint does not exist, UserTable, UserTable, _Users.UserId
WCCILevent   (0), 2017.11.02 00:46:55.722, PARAM,WARNING,     7, Datapoint does not exist, ManagerTable, ManagerTable, _Managers.Auth.ManType
WCCILevent   (0), 2017.11.02 00:46:55.722, PARAM,WARNING,     7, Datapoint does not exist, EventManager, doDpConnect, _System.Auth.DpType:_original.._value
WCCILevent   (0), 2017.11.02 00:46:55.722, PARAM,WARNING,     7, Datapoint does not exist, EventManager, doDpConnect, _System.Auth.Dp:_original.._value
WCCILevent   (0), 2017.11.02 00:46:55.722, PARAM,WARNING,     7, Datapoint does not exist, EventManager, doDpConnect, _System.Auth.DpAuth:_original.._value
WCCILevent   (0), 2017.11.02 00:46:55.722, PARAM,WARNING,     7, Datapoint does not exist, EventManager, doDpConnect, _System.Auth.DpAlias:_original.._value
WCCILevent   (0), 2017.11.02 00:46:55.722, PARAM,WARNING,     7, Datapoint does not exist, EventManager, dpDpConnect, _Event.ReadLicense
WCCILevent   (0), 2017.11.02 00:46:55.722, PARAM,WARNING,     8, Element does not exist, EventManager, doDpConnect, _Managers.Exit
WCCILevent   (0), 2017.11.02 00:46:55.722, PARAM,WARNING,     8, Element does not exist, EventManager, doDpConnect, _Managers.Refresh
WCCILevent   (0), 2017.11.02 00:46:55.722, PARAM,WARNING,     7, Datapoint does not exist, EventManager, evMain, _Event.License.ExpirationCnt
WCCILevent   (0), 2017.11.02 00:46:55.722, PARAM,WARNING,     7, Datapoint does not exist, EventManager, evMain, _Event.License.RemainingTime
WCCILevent   (0), 2017.11.02 00:46:55.722, PARAM,WARNING,     7, Datapoint does not exist, EventManager, evMain, _Event.License.alm.isRTILInvalid:_original.._value
WCCILevent   (0), 2017.11.02 00:46:55.722, PARAM,WARNING,     7, Datapoint does not exist, EventManager, evMain, _Event.License.alm.isPVSSInvalid:_original.._value
WCCILevent   (0), 2017.11.02 00:46:55.722, PARAM,WARNING,     7, Datapoint does not exist, EventManager, evMain, _Event.License.alm.shield:_original.._value
WCCILevent   (0), 2017.11.02 00:46:55.722, SYS,  SEVERE,    105, Invalid license, Eventmanager will shutdown after the demo period of 1800 seconds
WCCILevent   (0), 2017.11.02 00:46:55.859, SYS,  WARNING,   105, Invalid license, Igor-PC: No license found, Running as demo version, driver
WCCILevent   (0), 2017.11.02 00:46:55.860, SYS,  INFO,        4, Connected to, (SYS: 1 Driver -num 1 CONN: 1) @ Igor-PC (::ffff:127.0.0.1)
WCCILevent   (0), 2017.11.02 00:46:55.862, PARAM,WARNING,     7, Datapoint does not exist, DP: :_original.._value, MAN: (SYS: 1 Driver -num 1 CONN: 1)
WCCILevent   (0), 2017.11.02 00:46:55.862, PARAM,WARNING,     7, Datapoint does not exist, DP: :_original.._value, MAN: (SYS: 1 Driver -num 1 CONN: 1)
WCCILevent   (0), 2017.11.02 00:46:55.862, PARAM,WARNING,     7, Datapoint does not exist, DP: :_original.._value, MAN: (SYS: 1 Driver -num 1 CONN: 1)
WCCILevent   (0), 2017.11.02 00:46:55.862, PARAM,WARNING,     7, Datapoint does not exist, DP: :_original.._value, MAN: (SYS: 1 Driver -num 1 CONN: 1)
WCCILevent   (0), 2017.11.02 00:46:56.289, SYS,  WARNING,   105, Invalid license, Igor-PC: No license found, Running as demo version, ascii
WCCILevent   (0), 2017.11.02 00:46:56.290, SYS,  INFO,        4, Connected to, (SYS: 1 Ascii -num 1 CONN: 1) @ Igor-PC (::ffff:127.0.0.1)
WCCILevent   (0), 2017.11.02 00:46:56.625, SYS,  WARNING,    39, Connection lost, MAN: (SYS: 1 Ascii -num 1 CONN: 1), Connection reset by peer (10054)
WCCILevent   (0), 2017.11.02 00:46:56.696, SYS,  WARNING,   105, Invalid license, Igor-PC: No license found, Running as demo version, ascii
WCCILevent   (0), 2017.11.02 00:46:56.697, SYS,  INFO,        4, Connected to, (SYS: 1 Ascii -num 1 CONN: 1) @ Igor-PC (::ffff:127.0.0.1)
WCCILevent   (0), 2017.11.02 00:46:56.732, SYS,  WARNING,    39, Connection lost, MAN: (SYS: 1 Ascii -num 1 CONN: 1), Connection reset by peer (10054)
WCCILevent   (0), 2017.11.02 00:46:56.802, SYS,  WARNING,   105, Invalid license, Igor-PC: No license found, Running as demo version, ascii
WCCILevent   (0), 2017.11.02 00:46:56.803, SYS,  INFO,        4, Connected to, (SYS: 1 Ascii -num 1 CONN: 1) @ Igor-PC (::ffff:127.0.0.1)
WCCILevent   (0), 2017.11.02 00:46:57.016, PARAM,WARNING,    90, DP attribute was connected twice, DP: System1:_DpGroup00001_Public.:_original, MAN: (SYS: 1 Event -num 1 CONN: 1)
WCCILevent   (0), 2017.11.02 00:46:57.017, PARAM,WARNING,    90, DP attribute was connected twice, DP: System1:_DpGroup00002_Public.:_original, MAN: (SYS: 1 Event -num 1 CONN: 1)
WCCILevent   (0), 2017.11.02 00:46:57.018, PARAM,WARNING,    90, DP attribute was connected twice, DP: System1:_DpGroup00003_Public.:_original, MAN: (SYS: 1 Event -num 1 CONN: 1)
WCCILevent   (0), 2017.11.02 00:46:57.019, PARAM,WARNING,    90, DP attribute was connected twice, DP: System1:_DpGroup00004_Public.:_original, MAN: (SYS: 1 Event -num 1 CONN: 1)
WCCILevent   (0), 2017.11.02 00:46:57.019, PARAM,WARNING,    90, DP attribute was connected twice, DP: System1:_DpGroup00005_Public.:_original, MAN: (SYS: 1 Event -num 1 CONN: 1)
WCCILevent   (0), 2017.11.02 00:46:57.020, PARAM,WARNING,    90, DP attribute was connected twice, DP: System1:_DpGroup00006_Public.:_original, MAN: (SYS: 1 Event -num 1 CONN: 1)
WCCILevent   (0), 2017.11.02 00:46:57.021, PARAM,WARNING,    90, DP attribute was connected twice, DP: System1:_DpGroup00007_Public.:_original, MAN: (SYS: 1 Event -num 1 CONN: 1)
WCCILevent   (0), 2017.11.02 00:46:57.022, PARAM,WARNING,    90, DP attribute was connected twice, DP: System1:_DpGroup00008_Public.:_original, MAN: (SYS: 1 Event -num 1 CONN: 1)
WCCILevent   (0), 2017.11.02 00:46:57.022, PARAM,WARNING,    90, DP attribute was connected twice, DP: System1:_DpGroup00009_Public.:_original, MAN: (SYS: 1 Event -num 1 CONN: 1)
WCCILevent   (0), 2017.11.02 00:46:57.023, PARAM,WARNING,    90, DP attribute was connected twice, DP: System1:_DpGroup00010_Public.:_original, MAN: (SYS: 1 Event -num 1 CONN: 1)
WCCILevent   (0), 2017.11.02 00:46:57.024, PARAM,WARNING,    90, DP attribute was connected twice, DP: System1:_DpGroup00011_Public.:_original, MAN: (SYS: 1 Event -num 1 CONN: 1)
WCCILevent   (0), 2017.11.02 00:46:57.025, PARAM,WARNING,    90, DP attribute was connected twice, DP: System1:_DpGroup00012_Public.:_original, MAN: (SYS: 1 Event -num 1 CONN: 1)
WCCILevent   (0), 2017.11.02 00:46:57.025, PARAM,WARNING,    90, DP attribute was connected twice, DP: System1:_DpGroup00013_Public.:_original, MAN: (SYS: 1 Event -num 1 CONN: 1)
WCCILevent   (0), 2017.11.02 00:46:57.026, PARAM,WARNING,    90, DP attribute was connected twice, DP: System1:_DpGroup00014_Public.:_original, MAN: (SYS: 1 Event -num 1 CONN: 1)
WCCILevent   (0), 2017.11.02 00:46:57.027, PARAM,WARNING,    90, DP attribute was connected twice, DP: System1:_DpGroup00015_Public.:_original, MAN: (SYS: 1 Event -num 1 CONN: 1)
WCCILevent   (0), 2017.11.02 00:46:57.028, PARAM,WARNING,    90, DP attribute was connected twice, DP: System1:_DpGroup00016_Public.:_original, MAN: (SYS: 1 Event -num 1 CONN: 1)
WCCILevent   (0), 2017.11.02 00:46:57.129, SYS,  WARNING,    39, Connection lost, MAN: (SYS: 1 Ascii -num 1 CONN: 1), Connection reset by peer (10054)
WCCILevent   (0), 2017.11.02 00:46:57.196, SYS,  WARNING,   105, Invalid license, Igor-PC: No license found, Running as demo version, ascii
WCCILevent   (0), 2017.11.02 00:46:57.197, SYS,  INFO,        4, Connected to, (SYS: 1 Ascii -num 1 CONN: 1) @ Igor-PC (::ffff:127.0.0.1)
WCCILevent   (0), 2017.11.02 00:46:57.204, SYS,  WARNING,    39, Connection lost, MAN: (SYS: 1 Ascii -num 1 CONN: 1), Connection reset by peer (10054)
WCCILevent   (0), 2017.11.02 00:46:57.270, SYS,  WARNING,   105, Invalid license, Igor-PC: No license found, Running as demo version, ascii
WCCILevent   (0), 2017.11.02 00:46:57.270, SYS,  INFO,        4, Connected to, (SYS: 1 Ascii -num 1 CONN: 1) @ Igor-PC (::ffff:127.0.0.1)
WCCILevent   (0), 2017.11.02 00:46:57.275, SYS,  WARNING,    39, Connection lost, MAN: (SYS: 1 Ascii -num 1 CONN: 1), Connection reset by peer (10054)
WCCILevent   (0), 2017.11.02 00:46:57.344, SYS,  WARNING,   105, Invalid license, Igor-PC: No license found, Running as demo version, ascii
WCCILevent   (0), 2017.11.02 00:46:57.344, SYS,  INFO,        4, Connected to, (SYS: 1 Ascii -num 1 CONN: 1) @ Igor-PC (::ffff:127.0.0.1)
WCCILevent   (0), 2017.11.02 00:46:57.369, SYS,  WARNING,    39, Connection lost, MAN: (SYS: 1 Ascii -num 1 CONN: 1), Connection reset by peer (10054)
WCCILevent   (0), 2017.11.02 00:46:57.437, SYS,  WARNING,   105, Invalid license, Igor-PC: No license found, Running as demo version, ascii
WCCILevent   (0), 2017.11.02 00:46:57.438, SYS,  INFO,        4, Connected to, (SYS: 1 Ascii -num 1 CONN: 1) @ Igor-PC (::ffff:127.0.0.1)
WCCILevent   (0), 2017.11.02 00:47:00.682, SYS,  WARNING,    39, Connection lost, MAN: (SYS: 1 Ascii -num 1 CONN: 1), Connection reset by peer (10054)
WCCILevent   (0), 2017.11.02 00:47:00.758, SYS,  WARNING,   105, Invalid license, Igor-PC: No license found, Running as demo version, ascii
WCCILevent   (0), 2017.11.02 00:47:00.758, SYS,  INFO,        4, Connected to, (SYS: 1 Ascii -num 1 CONN: 1) @ Igor-PC (::ffff:127.0.0.1)
WCCILevent   (0), 2017.11.02 00:47:00.776, SYS,  WARNING,    39, Connection lost, MAN: (SYS: 1 Ascii -num 1 CONN: 1), Connection reset by peer (10054)
WCCILevent   (0), 2017.11.02 00:47:00.854, SYS,  WARNING,   105, Invalid license, Igor-PC: No license found, Running as demo version, ascii
WCCILevent   (0), 2017.11.02 00:47:00.854, SYS,  INFO,        4, Connected to, (SYS: 1 Ascii -num 1 CONN: 1) @ Igor-PC (::ffff:127.0.0.1)
WCCILevent   (0), 2017.11.02 00:47:00.964, SYS,  WARNING,    39, Connection lost, MAN: (SYS: 1 Ascii -num 1 CONN: 1), Connection reset by peer (10054)
WCCILevent   (0), 2017.11.02 00:47:01.034, SYS,  WARNING,   105, Invalid license, Igor-PC: No license found, Running as demo version, ascii
WCCILevent   (0), 2017.11.02 00:47:01.034, SYS,  INFO,        4, Connected to, (SYS: 1 Ascii -num 1 CONN: 1) @ Igor-PC (::ffff:127.0.0.1)
WCCILevent   (0), 2017.11.02 00:47:01.039, SYS,  WARNING,    39, Connection lost, MAN: (SYS: 1 Ascii -num 1 CONN: 1), Connection reset by peer (10054)
WCCILevent   (0), 2017.11.02 00:47:03.046, SYS,  INFO,       39, Connection lost, MAN: (SYS: 1 Driver -num 1 CONN: 1), Connection closed
WCCILevent   (0), 2017.11.02 00:47:03.054, SYS,  INFO,        2, Manager Stop, received signal 15, exiting
WCCILevent   (0), 2017.11.02 00:47:03.147, SYS,  INFO,        2, Manager Stop, start cleanup
WCCILevent   (0), 2017.11.02 00:47:03.147, SYS,  INFO,      181, Closing connection to (SYS: 1 Data -num 0 CONN: 1)
WCCILevent   (0), 2017.11.02 00:47:03.156, SYS,  INFO,        2, Manager Stop
